{"/home/user/Desktop/auth-project/backend/src/app.ts": {"path":"/home/user/Desktop/auth-project/backend/src/app.ts","statementMap":{"0":{"start":{"line":1,"column":0},"end":{"line":1,"column":30}},"1":{"start":{"line":2,"column":0},"end":{"line":2,"column":24}},"2":{"start":{"line":3,"column":0},"end":{"line":3,"column":28}},"3":{"start":{"line":4,"column":0},"end":{"line":4,"column":41}},"4":{"start":{"line":5,"column":0},"end":{"line":5,"column":68}},"5":{"start":{"line":6,"column":0},"end":{"line":6,"column":66}},"6":{"start":{"line":7,"column":0},"end":{"line":7,"column":45}},"7":{"start":{"line":8,"column":0},"end":{"line":8,"column":62}},"8":{"start":{"line":9,"column":0},"end":{"line":9,"column":51}},"9":{"start":{"line":10,"column":0},"end":{"line":10,"column":83}},"10":{"start":{"line":12,"column":12},"end":{"line":12,"column":21}},"11":{"start":{"line":14,"column":0},"end":{"line":14,"column":26}},"12":{"start":{"line":16,"column":0},"end":{"line":16,"column":18}},"13":{"start":{"line":17,"column":0},"end":{"line":17,"column":27}},"14":{"start":{"line":18,"column":0},"end":{"line":18,"column":20}},"15":{"start":{"line":19,"column":0},"end":{"line":19,"column":41}},"16":{"start":{"line":20,"column":0},"end":{"line":20,"column":63}},"17":{"start":{"line":21,"column":0},"end":{"line":21,"column":49}},"18":{"start":{"line":23,"column":0},"end":{"line":23,"column":32}},"19":{"start":{"line":24,"column":0},"end":{"line":24,"column":65}},"20":{"start":{"line":26,"column":0},"end":{"line":26,"column":28}},"21":{"start":{"line":28,"column":0},"end":{"line":28,"column":19}}},"fnMap":{},"branchMap":{},"s":{"0":0,"1":0,"2":0,"3":0,"4":0,"5":0,"6":0,"7":0,"8":0,"9":0,"10":0,"11":0,"12":0,"13":0,"14":0,"15":0,"16":0,"17":0,"18":0,"19":0,"20":0,"21":0},"f":{},"b":{}}
,"/home/user/Desktop/auth-project/backend/src/config/auth.config.ts": {"path":"/home/user/Desktop/auth-project/backend/src/config/auth.config.ts","statementMap":{"0":{"start":{"line":1,"column":13},"end":{"line":4,"column":2}}},"fnMap":{},"branchMap":{},"s":{"0":0},"f":{},"b":{}}
,"/home/user/Desktop/auth-project/backend/src/config/cookie.config.ts": {"path":"/home/user/Desktop/auth-project/backend/src/config/cookie.config.ts","statementMap":{"0":{"start":{"line":3,"column":13},"end":{"line":10,"column":2}}},"fnMap":{},"branchMap":{},"s":{"0":0},"f":{},"b":{}}
,"/home/user/Desktop/auth-project/backend/src/config/cors.config.ts": {"path":"/home/user/Desktop/auth-project/backend/src/config/cors.config.ts","statementMap":{"0":{"start":{"line":3,"column":24},"end":{"line":3,"column":92}},"1":{"start":{"line":5,"column":13},"end":{"line":13,"column":2}},"2":{"start":{"line":7,"column":4},"end":{"line":8,"column":48}},"3":{"start":{"line":7,"column":53},"end":{"line":7,"column":74}},"4":{"start":{"line":8,"column":9},"end":{"line":8,"column":48}}},"fnMap":{"0":{"name":"(anonymous_0)","decl":{"start":{"line":6,"column":10},"end":{"line":6,"column":11}},"loc":{"start":{"line":6,"column":31},"end":{"line":9,"column":3}}}},"branchMap":{"0":{"loc":{"start":{"line":3,"column":24},"end":{"line":3,"column":92}},"type":"binary-expr","locations":[{"start":{"line":3,"column":24},"end":{"line":3,"column":63}},{"start":{"line":3,"column":67},"end":{"line":3,"column":92}}]},"1":{"loc":{"start":{"line":7,"column":4},"end":{"line":8,"column":48}},"type":"if","locations":[{"start":{"line":7,"column":4},"end":{"line":8,"column":48}},{"start":{"line":8,"column":9},"end":{"line":8,"column":48}}]},"2":{"loc":{"start":{"line":7,"column":8},"end":{"line":7,"column":51}},"type":"binary-expr","locations":[{"start":{"line":7,"column":8},"end":{"line":7,"column":15}},{"start":{"line":7,"column":19},"end":{"line":7,"column":51}}]}},"s":{"0":0,"1":0,"2":0,"3":0,"4":0},"f":{"0":0},"b":{"0":[0,0],"1":[0,0],"2":[0,0]}}
,"/home/user/Desktop/auth-project/backend/src/config/limiter.config.ts": {"path":"/home/user/Desktop/auth-project/backend/src/config/limiter.config.ts","statementMap":{"0":{"start":{"line":1,"column":0},"end":{"line":1,"column":43}},"1":{"start":{"line":4,"column":18},"end":{"line":7,"column":1}},"2":{"start":{"line":5,"column":13},"end":{"line":5,"column":60}},"3":{"start":{"line":6,"column":2},"end":{"line":6,"column":32}},"4":{"start":{"line":9,"column":13},"end":{"line":23,"column":3}},"5":{"start":{"line":15,"column":4},"end":{"line":15,"column":41}},"6":{"start":{"line":18,"column":4},"end":{"line":21,"column":7}},"7":{"start":{"line":25,"column":13},"end":{"line":41,"column":3}},"8":{"start":{"line":31,"column":15},"end":{"line":31,"column":29}},"9":{"start":{"line":32,"column":19},"end":{"line":32,"column":70}},"10":{"start":{"line":33,"column":4},"end":{"line":33,"column":36}},"11":{"start":{"line":36,"column":4},"end":{"line":39,"column":7}},"12":{"start":{"line":43,"column":13},"end":{"line":57,"column":3}},"13":{"start":{"line":49,"column":4},"end":{"line":49,"column":40}},"14":{"start":{"line":52,"column":4},"end":{"line":55,"column":7}}},"fnMap":{"0":{"name":"(anonymous_1)","decl":{"start":{"line":4,"column":18},"end":{"line":4,"column":19}},"loc":{"start":{"line":4,"column":43},"end":{"line":7,"column":1}}},"1":{"name":"(anonymous_2)","decl":{"start":{"line":14,"column":16},"end":{"line":14,"column":17}},"loc":{"start":{"line":14,"column":57},"end":{"line":16,"column":3}}},"2":{"name":"(anonymous_3)","decl":{"start":{"line":17,"column":11},"end":{"line":17,"column":12}},"loc":{"start":{"line":17,"column":43},"end":{"line":22,"column":3}}},"3":{"name":"(anonymous_4)","decl":{"start":{"line":30,"column":16},"end":{"line":30,"column":17}},"loc":{"start":{"line":30,"column":57},"end":{"line":34,"column":3}}},"4":{"name":"(anonymous_5)","decl":{"start":{"line":35,"column":11},"end":{"line":35,"column":12}},"loc":{"start":{"line":35,"column":44},"end":{"line":40,"column":3}}},"5":{"name":"(anonymous_6)","decl":{"start":{"line":48,"column":16},"end":{"line":48,"column":17}},"loc":{"start":{"line":48,"column":57},"end":{"line":50,"column":3}}},"6":{"name":"(anonymous_7)","decl":{"start":{"line":51,"column":11},"end":{"line":51,"column":12}},"loc":{"start":{"line":51,"column":44},"end":{"line":56,"column":3}}}},"branchMap":{"0":{"loc":{"start":{"line":5,"column":13},"end":{"line":5,"column":60}},"type":"binary-expr","locations":[{"start":{"line":5,"column":13},"end":{"line":5,"column":19}},{"start":{"line":5,"column":23},"end":{"line":5,"column":47}},{"start":{"line":5,"column":51},"end":{"line":5,"column":60}}]},"1":{"loc":{"start":{"line":32,"column":19},"end":{"line":32,"column":70}},"type":"binary-expr","locations":[{"start":{"line":32,"column":19},"end":{"line":32,"column":57}},{"start":{"line":32,"column":61},"end":{"line":32,"column":70}}]}},"s":{"0":0,"1":0,"2":0,"3":0,"4":0,"5":0,"6":0,"7":0,"8":0,"9":0,"10":0,"11":0,"12":0,"13":0,"14":0},"f":{"0":0,"1":0,"2":0,"3":0,"4":0,"5":0,"6":0},"b":{"0":[0,0,0],"1":[0,0]}}
,"/home/user/Desktop/auth-project/backend/src/controllers/admin.controller.ts": {"path":"/home/user/Desktop/auth-project/backend/src/controllers/admin.controller.ts","statementMap":{"0":{"start":{"line":1,"column":0},"end":{"line":1,"column":50}},"1":{"start":{"line":2,"column":0},"end":{"line":2,"column":58}},"2":{"start":{"line":4,"column":13},"end":{"line":13,"column":3}},"3":{"start":{"line":5,"column":17},"end":{"line":5,"column":25}},"4":{"start":{"line":7,"column":2},"end":{"line":7,"column":45}},"5":{"start":{"line":9,"column":2},"end":{"line":12,"column":5}},"6":{"start":{"line":15,"column":13},"end":{"line":24,"column":3}},"7":{"start":{"line":16,"column":17},"end":{"line":16,"column":25}},"8":{"start":{"line":18,"column":2},"end":{"line":18,"column":33}},"9":{"start":{"line":20,"column":2},"end":{"line":23,"column":5}}},"fnMap":{"0":{"name":"(anonymous_9)","decl":{"start":{"line":4,"column":37},"end":{"line":4,"column":42}},"loc":{"start":{"line":4,"column":56},"end":{"line":13,"column":1}}},"1":{"name":"(anonymous_10)","decl":{"start":{"line":15,"column":39},"end":{"line":15,"column":44}},"loc":{"start":{"line":15,"column":58},"end":{"line":24,"column":1}}}},"branchMap":{},"s":{"0":0,"1":0,"2":0,"3":0,"4":0,"5":0,"6":0,"7":0,"8":0,"9":0},"f":{"0":0,"1":0},"b":{}}
,"/home/user/Desktop/auth-project/backend/src/controllers/auth.controller.ts": {"path":"/home/user/Desktop/auth-project/backend/src/controllers/auth.controller.ts","statementMap":{"0":{"start":{"line":1,"column":0},"end":{"line":1,"column":50}},"1":{"start":{"line":2,"column":0},"end":{"line":2,"column":56}},"2":{"start":{"line":3,"column":0},"end":{"line":3,"column":48}},"3":{"start":{"line":4,"column":0},"end":{"line":4,"column":39}},"4":{"start":{"line":5,"column":0},"end":{"line":5,"column":53}},"5":{"start":{"line":6,"column":0},"end":{"line":6,"column":56}},"6":{"start":{"line":7,"column":0},"end":{"line":7,"column":43}},"7":{"start":{"line":10,"column":13},"end":{"line":14,"column":3}},"8":{"start":{"line":11,"column":15},"end":{"line":11,"column":55}},"9":{"start":{"line":13,"column":2},"end":{"line":13,"column":62}},"10":{"start":{"line":17,"column":13},"end":{"line":22,"column":3}},"11":{"start":{"line":18,"column":40},"end":{"line":18,"column":77}},"12":{"start":{"line":20,"column":2},"end":{"line":20,"column":58}},"13":{"start":{"line":21,"column":2},"end":{"line":21,"column":59}},"14":{"start":{"line":25,"column":13},"end":{"line":38,"column":3}},"15":{"start":{"line":26,"column":16},"end":{"line":26,"column":46}},"16":{"start":{"line":28,"column":2},"end":{"line":28,"column":69}},"17":{"start":{"line":28,"column":14},"end":{"line":28,"column":69}},"18":{"start":{"line":30,"column":46},"end":{"line":30,"column":87}},"19":{"start":{"line":32,"column":2},"end":{"line":32,"column":61}},"20":{"start":{"line":34,"column":2},"end":{"line":37,"column":5}},"21":{"start":{"line":41,"column":13},"end":{"line":60,"column":3}},"22":{"start":{"line":42,"column":16},"end":{"line":42,"column":46}},"23":{"start":{"line":44,"column":2},"end":{"line":54,"column":3}},"24":{"start":{"line":45,"column":24},"end":{"line":45,"column":40}},"25":{"start":{"line":47,"column":4},"end":{"line":49,"column":7}},"26":{"start":{"line":51,"column":17},"end":{"line":51,"column":67}},"27":{"start":{"line":53,"column":4},"end":{"line":53,"column":55}},"28":{"start":{"line":53,"column":28},"end":{"line":53,"column":55}},"29":{"start":{"line":56,"column":37},"end":{"line":56,"column":50}},"30":{"start":{"line":58,"column":2},"end":{"line":58,"column":47}},"31":{"start":{"line":59,"column":2},"end":{"line":59,"column":69}},"32":{"start":{"line":63,"column":13},"end":{"line":74,"column":3}},"33":{"start":{"line":64,"column":17},"end":{"line":64,"column":29}},"34":{"start":{"line":66,"column":2},"end":{"line":66,"column":73}},"35":{"start":{"line":66,"column":15},"end":{"line":66,"column":73}},"36":{"start":{"line":68,"column":15},"end":{"line":68,"column":52}},"37":{"start":{"line":70,"column":2},"end":{"line":73,"column":5}}},"fnMap":{"0":{"name":"(anonymous_9)","decl":{"start":{"line":10,"column":35},"end":{"line":10,"column":40}},"loc":{"start":{"line":10,"column":54},"end":{"line":14,"column":1}}},"1":{"name":"(anonymous_10)","decl":{"start":{"line":17,"column":32},"end":{"line":17,"column":37}},"loc":{"start":{"line":17,"column":51},"end":{"line":22,"column":1}}},"2":{"name":"(anonymous_11)","decl":{"start":{"line":25,"column":39},"end":{"line":25,"column":44}},"loc":{"start":{"line":25,"column":58},"end":{"line":38,"column":1}}},"3":{"name":"(anonymous_12)","decl":{"start":{"line":41,"column":33},"end":{"line":41,"column":38}},"loc":{"start":{"line":41,"column":52},"end":{"line":60,"column":1}}},"4":{"name":"(anonymous_13)","decl":{"start":{"line":63,"column":32},"end":{"line":63,"column":37}},"loc":{"start":{"line":63,"column":57},"end":{"line":74,"column":1}}}},"branchMap":{"0":{"loc":{"start":{"line":28,"column":2},"end":{"line":28,"column":69}},"type":"if","locations":[{"start":{"line":28,"column":2},"end":{"line":28,"column":69}}]},"1":{"loc":{"start":{"line":44,"column":2},"end":{"line":54,"column":3}},"type":"if","locations":[{"start":{"line":44,"column":2},"end":{"line":54,"column":3}}]},"2":{"loc":{"start":{"line":66,"column":2},"end":{"line":66,"column":73}},"type":"if","locations":[{"start":{"line":66,"column":2},"end":{"line":66,"column":73}}]}},"s":{"0":0,"1":0,"2":0,"3":0,"4":0,"5":0,"6":0,"7":0,"8":0,"9":0,"10":0,"11":0,"12":0,"13":0,"14":0,"15":0,"16":0,"17":0,"18":0,"19":0,"20":0,"21":0,"22":0,"23":0,"24":0,"25":0,"26":0,"27":0,"28":0,"29":0,"30":0,"31":0,"32":0,"33":0,"34":0,"35":0,"36":0,"37":0},"f":{"0":0,"1":0,"2":0,"3":0,"4":0},"b":{"0":[0],"1":[0],"2":[0]}}
,"/home/user/Desktop/auth-project/backend/src/lib/logger.ts": {"path":"/home/user/Desktop/auth-project/backend/src/lib/logger.ts","statementMap":{"0":{"start":{"line":1,"column":0},"end":{"line":1,"column":30}},"1":{"start":{"line":2,"column":0},"end":{"line":2,"column":24}},"2":{"start":{"line":4,"column":22},"end":{"line":4,"column":60}},"3":{"start":{"line":5,"column":16},"end":{"line":5,"column":48}},"4":{"start":{"line":7,"column":15},"end":{"line":13,"column":2}},"5":{"start":{"line":15,"column":15},"end":{"line":21,"column":2}},"6":{"start":{"line":23,"column":0},"end":{"line":23,"column":26}},"7":{"start":{"line":25,"column":15},"end":{"line":31,"column":null}},"8":{"start":{"line":30,"column":6},"end":{"line":30,"column":85}},"9":{"start":{"line":34,"column":22},"end":{"line":36,"column":10}},"10":{"start":{"line":38,"column":19},"end":{"line":60,"column":2}},"11":{"start":{"line":62,"column":13},"end":{"line":79,"column":3}},"12":{"start":{"line":81,"column":0},"end":{"line":81,"column":22}}},"fnMap":{"0":{"name":"(anonymous_1)","decl":{"start":{"line":29,"column":4},"end":{"line":29,"column":5}},"loc":{"start":{"line":30,"column":6},"end":{"line":30,"column":85}}}},"branchMap":{"0":{"loc":{"start":{"line":30,"column":58},"end":{"line":30,"column":83}},"type":"cond-expr","locations":[{"start":{"line":30,"column":66},"end":{"line":30,"column":78}},{"start":{"line":30,"column":81},"end":{"line":30,"column":83}}]},"1":{"loc":{"start":{"line":34,"column":22},"end":{"line":36,"column":10}},"type":"cond-expr","locations":[{"start":{"line":35,"column":4},"end":{"line":35,"column":74}},{"start":{"line":36,"column":4},"end":{"line":36,"column":10}}]},"2":{"loc":{"start":{"line":63,"column":9},"end":{"line":63,"column":41}},"type":"cond-expr","locations":[{"start":{"line":63,"column":25},"end":{"line":63,"column":32}},{"start":{"line":63,"column":35},"end":{"line":63,"column":41}}]}},"s":{"0":0,"1":0,"2":0,"3":0,"4":0,"5":0,"6":0,"7":0,"8":0,"9":0,"10":0,"11":0,"12":0},"f":{"0":0},"b":{"0":[0,0],"1":[0,0],"2":[0,0]}}
,"/home/user/Desktop/auth-project/backend/src/lib/prisma.ts": {"path":"/home/user/Desktop/auth-project/backend/src/lib/prisma.ts","statementMap":{"0":{"start":{"line":1,"column":0},"end":{"line":1,"column":46}},"1":{"start":{"line":2,"column":0},"end":{"line":2,"column":46}},"2":{"start":{"line":3,"column":0},"end":{"line":3,"column":20}},"3":{"start":{"line":5,"column":13},"end":{"line":5,"column":72}},"4":{"start":{"line":6,"column":16},"end":{"line":6,"column":34}},"5":{"start":{"line":8,"column":24},"end":{"line":8,"column":null}},"6":{"start":{"line":12,"column":13},"end":{"line":17,"column":5}},"7":{"start":{"line":19,"column":0},"end":{"line":21,"column":1}},"8":{"start":{"line":20,"column":2},"end":{"line":20,"column":34}}},"fnMap":{},"branchMap":{"0":{"loc":{"start":{"line":13,"column":2},"end":{"line":17,"column":4}},"type":"binary-expr","locations":[{"start":{"line":13,"column":2},"end":{"line":13,"column":24}},{"start":{"line":14,"column":2},"end":{"line":17,"column":4}}]},"1":{"loc":{"start":{"line":19,"column":0},"end":{"line":21,"column":1}},"type":"if","locations":[{"start":{"line":19,"column":0},"end":{"line":21,"column":1}}]}},"s":{"0":0,"1":0,"2":0,"3":0,"4":0,"5":0,"6":0,"7":0,"8":0},"f":{},"b":{"0":[0,0],"1":[0]}}
,"/home/user/Desktop/auth-project/backend/src/lib/redis.ts": {"path":"/home/user/Desktop/auth-project/backend/src/lib/redis.ts","statementMap":{"0":{"start":{"line":1,"column":0},"end":{"line":1,"column":37}},"1":{"start":{"line":3,"column":13},"end":{"line":5,"column":3}},"2":{"start":{"line":7,"column":0},"end":{"line":9,"column":3}},"3":{"start":{"line":8,"column":2},"end":{"line":8,"column":37}},"4":{"start":{"line":11,"column":28},"end":{"line":15,"column":1}},"5":{"start":{"line":12,"column":2},"end":{"line":14,"column":3}},"6":{"start":{"line":13,"column":4},"end":{"line":13,"column":32}},"7":{"start":{"line":11,"column":13},"end":{"line":11,"column":28}}},"fnMap":{"0":{"name":"(anonymous_0)","decl":{"start":{"line":7,"column":24},"end":{"line":7,"column":25}},"loc":{"start":{"line":7,"column":32},"end":{"line":9,"column":1}}},"1":{"name":"(anonymous_1)","decl":{"start":{"line":11,"column":28},"end":{"line":11,"column":33}},"loc":{"start":{"line":11,"column":39},"end":{"line":15,"column":1}}}},"branchMap":{"0":{"loc":{"start":{"line":12,"column":2},"end":{"line":14,"column":3}},"type":"if","locations":[{"start":{"line":12,"column":2},"end":{"line":14,"column":3}}]}},"s":{"0":0,"1":0,"2":0,"3":0,"4":0,"5":0,"6":0,"7":0},"f":{"0":0,"1":0},"b":{"0":[0]}}
,"/home/user/Desktop/auth-project/backend/src/middlewares/auth.middleware.ts": {"path":"/home/user/Desktop/auth-project/backend/src/middlewares/auth.middleware.ts","statementMap":{"0":{"start":{"line":1,"column":0},"end":{"line":1,"column":50}},"1":{"start":{"line":2,"column":0},"end":{"line":2,"column":53}},"2":{"start":{"line":3,"column":0},"end":{"line":3,"column":54}},"3":{"start":{"line":4,"column":0},"end":{"line":4,"column":39}},"4":{"start":{"line":6,"column":13},"end":{"line":38,"column":3}},"5":{"start":{"line":7,"column":21},"end":{"line":7,"column":46}},"6":{"start":{"line":9,"column":2},"end":{"line":10,"column":53}},"7":{"start":{"line":10,"column":4},"end":{"line":10,"column":53}},"8":{"start":{"line":12,"column":16},"end":{"line":12,"column":40}},"9":{"start":{"line":16,"column":2},"end":{"line":20,"column":3}},"10":{"start":{"line":17,"column":4},"end":{"line":17,"column":38}},"11":{"start":{"line":19,"column":4},"end":{"line":19,"column":65}},"12":{"start":{"line":22,"column":23},"end":{"line":31,"column":4}},"13":{"start":{"line":33,"column":2},"end":{"line":33,"column":100}},"14":{"start":{"line":33,"column":21},"end":{"line":33,"column":100}},"15":{"start":{"line":35,"column":2},"end":{"line":35,"column":26}},"16":{"start":{"line":37,"column":2},"end":{"line":37,"column":9}}},"fnMap":{"0":{"name":"(anonymous_0)","decl":{"start":{"line":6,"column":34},"end":{"line":6,"column":39}},"loc":{"start":{"line":6,"column":59},"end":{"line":38,"column":1}}}},"branchMap":{"0":{"loc":{"start":{"line":9,"column":2},"end":{"line":10,"column":53}},"type":"if","locations":[{"start":{"line":9,"column":2},"end":{"line":10,"column":53}}]},"1":{"loc":{"start":{"line":9,"column":6},"end":{"line":9,"column":54}},"type":"binary-expr","locations":[{"start":{"line":9,"column":6},"end":{"line":9,"column":17}},{"start":{"line":9,"column":21},"end":{"line":9,"column":54}}]},"2":{"loc":{"start":{"line":33,"column":2},"end":{"line":33,"column":100}},"type":"if","locations":[{"start":{"line":33,"column":2},"end":{"line":33,"column":100}}]}},"s":{"0":0,"1":0,"2":0,"3":0,"4":0,"5":0,"6":0,"7":0,"8":0,"9":0,"10":0,"11":0,"12":0,"13":0,"14":0,"15":0,"16":0},"f":{"0":0},"b":{"0":[0],"1":[0,0],"2":[0]}}
,"/home/user/Desktop/auth-project/backend/src/middlewares/error.middleware.ts": {"path":"/home/user/Desktop/auth-project/backend/src/middlewares/error.middleware.ts","statementMap":{"0":{"start":{"line":2,"column":0},"end":{"line":2,"column":39}},"1":{"start":{"line":4,"column":34},"end":{"line":50,"column":1}},"2":{"start":{"line":5,"column":21},"end":{"line":5,"column":42}},"3":{"start":{"line":6,"column":17},"end":{"line":6,"column":38}},"4":{"start":{"line":9,"column":2},"end":{"line":22,"column":3}},"5":{"start":{"line":10,"column":4},"end":{"line":15,"column":7}},"6":{"start":{"line":16,"column":9},"end":{"line":22,"column":3}},"7":{"start":{"line":17,"column":4},"end":{"line":21,"column":7}},"8":{"start":{"line":24,"column":2},"end":{"line":31,"column":3}},"9":{"start":{"line":25,"column":4},"end":{"line":30,"column":7}},"10":{"start":{"line":33,"column":2},"end":{"line":39,"column":3}},"11":{"start":{"line":34,"column":4},"end":{"line":38,"column":7}},"12":{"start":{"line":41,"column":2},"end":{"line":44,"column":5}},"13":{"start":{"line":46,"column":2},"end":{"line":49,"column":5}},"14":{"start":{"line":4,"column":13},"end":{"line":4,"column":34}}},"fnMap":{"0":{"name":"(anonymous_0)","decl":{"start":{"line":4,"column":34},"end":{"line":4,"column":35}},"loc":{"start":{"line":4,"column":96},"end":{"line":50,"column":1}}}},"branchMap":{"0":{"loc":{"start":{"line":5,"column":21},"end":{"line":5,"column":42}},"type":"binary-expr","locations":[{"start":{"line":5,"column":21},"end":{"line":5,"column":35}},{"start":{"line":5,"column":39},"end":{"line":5,"column":42}}]},"1":{"loc":{"start":{"line":6,"column":17},"end":{"line":6,"column":38}},"type":"binary-expr","locations":[{"start":{"line":6,"column":17},"end":{"line":6,"column":27}},{"start":{"line":6,"column":31},"end":{"line":6,"column":38}}]},"2":{"loc":{"start":{"line":9,"column":2},"end":{"line":22,"column":3}},"type":"if","locations":[{"start":{"line":9,"column":2},"end":{"line":22,"column":3}},{"start":{"line":16,"column":9},"end":{"line":22,"column":3}}]},"3":{"loc":{"start":{"line":16,"column":9},"end":{"line":22,"column":3}},"type":"if","locations":[{"start":{"line":16,"column":9},"end":{"line":22,"column":3}}]},"4":{"loc":{"start":{"line":24,"column":2},"end":{"line":31,"column":3}},"type":"if","locations":[{"start":{"line":24,"column":2},"end":{"line":31,"column":3}}]},"5":{"loc":{"start":{"line":33,"column":2},"end":{"line":39,"column":3}},"type":"if","locations":[{"start":{"line":33,"column":2},"end":{"line":39,"column":3}}]},"6":{"loc":{"start":{"line":37,"column":10},"end":{"line":37,"column":46}},"type":"binary-expr","locations":[{"start":{"line":37,"column":10},"end":{"line":37,"column":20}},{"start":{"line":37,"column":24},"end":{"line":37,"column":46}}]}},"s":{"0":0,"1":0,"2":0,"3":0,"4":0,"5":0,"6":0,"7":0,"8":0,"9":0,"10":0,"11":0,"12":0,"13":0,"14":0},"f":{"0":0},"b":{"0":[0,0],"1":[0,0],"2":[0,0],"3":[0],"4":[0],"5":[0],"6":[0,0]}}
,"/home/user/Desktop/auth-project/backend/src/middlewares/http-logger.middleware.ts": {"path":"/home/user/Desktop/auth-project/backend/src/middlewares/http-logger.middleware.ts","statementMap":{"0":{"start":{"line":2,"column":0},"end":{"line":2,"column":39}},"1":{"start":{"line":8,"column":26},"end":{"line":32,"column":1}},"2":{"start":{"line":9,"column":20},"end":{"line":9,"column":30}},"3":{"start":{"line":12,"column":2},"end":{"line":12,"column":61}},"4":{"start":{"line":15,"column":23},"end":{"line":15,"column":31}},"5":{"start":{"line":17,"column":2},"end":{"line":29,"column":4}},"6":{"start":{"line":18,"column":21},"end":{"line":18,"column":43}},"7":{"start":{"line":19,"column":23},"end":{"line":19,"column":37}},"8":{"start":{"line":22,"column":4},"end":{"line":26,"column":5}},"9":{"start":{"line":23,"column":6},"end":{"line":23,"column":99}},"10":{"start":{"line":25,"column":6},"end":{"line":25,"column":100}},"11":{"start":{"line":28,"column":4},"end":{"line":28,"column":41}},"12":{"start":{"line":31,"column":2},"end":{"line":31,"column":9}},"13":{"start":{"line":8,"column":13},"end":{"line":8,"column":26}}},"fnMap":{"0":{"name":"(anonymous_0)","decl":{"start":{"line":8,"column":26},"end":{"line":8,"column":27}},"loc":{"start":{"line":8,"column":78},"end":{"line":32,"column":1}}},"1":{"name":"(anonymous_1)","decl":{"start":{"line":17,"column":13},"end":{"line":17,"column":23}},"loc":{"start":{"line":17,"column":32},"end":{"line":29,"column":3}}}},"branchMap":{"0":{"loc":{"start":{"line":22,"column":4},"end":{"line":26,"column":5}},"type":"if","locations":[{"start":{"line":22,"column":4},"end":{"line":26,"column":5}},{"start":{"line":24,"column":11},"end":{"line":26,"column":5}}]}},"s":{"0":0,"1":0,"2":0,"3":0,"4":0,"5":0,"6":0,"7":0,"8":0,"9":0,"10":0,"11":0,"12":0,"13":0},"f":{"0":0,"1":0},"b":{"0":[0,0]}}
,"/home/user/Desktop/auth-project/backend/src/middlewares/ip.ban.middleware.ts": {"path":"/home/user/Desktop/auth-project/backend/src/middlewares/ip.ban.middleware.ts","statementMap":{"0":{"start":{"line":1,"column":0},"end":{"line":1,"column":43}},"1":{"start":{"line":2,"column":0},"end":{"line":2,"column":50}},"2":{"start":{"line":3,"column":0},"end":{"line":3,"column":53}},"3":{"start":{"line":5,"column":13},"end":{"line":15,"column":3}},"4":{"start":{"line":6,"column":13},"end":{"line":6,"column":83}},"5":{"start":{"line":8,"column":2},"end":{"line":8,"column":25}},"6":{"start":{"line":8,"column":11},"end":{"line":8,"column":25}},"7":{"start":{"line":10,"column":17},"end":{"line":10,"column":54}},"8":{"start":{"line":12,"column":2},"end":{"line":12,"column":60}},"9":{"start":{"line":12,"column":14},"end":{"line":12,"column":60}},"10":{"start":{"line":14,"column":2},"end":{"line":14,"column":9}}},"fnMap":{"0":{"name":"(anonymous_0)","decl":{"start":{"line":5,"column":37},"end":{"line":5,"column":42}},"loc":{"start":{"line":5,"column":63},"end":{"line":15,"column":1}}}},"branchMap":{"0":{"loc":{"start":{"line":6,"column":13},"end":{"line":6,"column":83}},"type":"binary-expr","locations":[{"start":{"line":6,"column":13},"end":{"line":6,"column":55}},{"start":{"line":6,"column":59},"end":{"line":6,"column":83}}]},"1":{"loc":{"start":{"line":8,"column":2},"end":{"line":8,"column":25}},"type":"if","locations":[{"start":{"line":8,"column":2},"end":{"line":8,"column":25}}]},"2":{"loc":{"start":{"line":12,"column":2},"end":{"line":12,"column":60}},"type":"if","locations":[{"start":{"line":12,"column":2},"end":{"line":12,"column":60}}]}},"s":{"0":0,"1":0,"2":0,"3":0,"4":0,"5":0,"6":0,"7":0,"8":0,"9":0,"10":0},"f":{"0":0},"b":{"0":[0,0],"1":[0],"2":[0]}}
,"/home/user/Desktop/auth-project/backend/src/middlewares/ip.rate-limiter.ts": {"path":"/home/user/Desktop/auth-project/backend/src/middlewares/ip.rate-limiter.ts","statementMap":{"0":{"start":{"line":1,"column":0},"end":{"line":1,"column":43}},"1":{"start":{"line":2,"column":0},"end":{"line":2,"column":50}},"2":{"start":{"line":3,"column":0},"end":{"line":3,"column":53}},"3":{"start":{"line":5,"column":27},"end":{"line":21,"column":1}},"4":{"start":{"line":6,"column":2},"end":{"line":20,"column":5}},"5":{"start":{"line":7,"column":15},"end":{"line":7,"column":85}},"6":{"start":{"line":9,"column":4},"end":{"line":9,"column":27}},"7":{"start":{"line":9,"column":13},"end":{"line":9,"column":27}},"8":{"start":{"line":11,"column":16},"end":{"line":11,"column":31}},"9":{"start":{"line":13,"column":20},"end":{"line":13,"column":47}},"10":{"start":{"line":15,"column":4},"end":{"line":15,"column":64}},"11":{"start":{"line":15,"column":23},"end":{"line":15,"column":64}},"12":{"start":{"line":17,"column":4},"end":{"line":17,"column":92}},"13":{"start":{"line":17,"column":25},"end":{"line":17,"column":92}},"14":{"start":{"line":19,"column":4},"end":{"line":19,"column":11}},"15":{"start":{"line":5,"column":13},"end":{"line":5,"column":27}}},"fnMap":{"0":{"name":"(anonymous_0)","decl":{"start":{"line":5,"column":27},"end":{"line":5,"column":28}},"loc":{"start":{"line":5,"column":64},"end":{"line":21,"column":1}}},"1":{"name":"(anonymous_1)","decl":{"start":{"line":6,"column":20},"end":{"line":6,"column":25}},"loc":{"start":{"line":6,"column":46},"end":{"line":20,"column":3}}}},"branchMap":{"0":{"loc":{"start":{"line":7,"column":15},"end":{"line":7,"column":85}},"type":"binary-expr","locations":[{"start":{"line":7,"column":15},"end":{"line":7,"column":57}},{"start":{"line":7,"column":61},"end":{"line":7,"column":85}}]},"1":{"loc":{"start":{"line":9,"column":4},"end":{"line":9,"column":27}},"type":"if","locations":[{"start":{"line":9,"column":4},"end":{"line":9,"column":27}}]},"2":{"loc":{"start":{"line":15,"column":4},"end":{"line":15,"column":64}},"type":"if","locations":[{"start":{"line":15,"column":4},"end":{"line":15,"column":64}}]},"3":{"loc":{"start":{"line":17,"column":4},"end":{"line":17,"column":92}},"type":"if","locations":[{"start":{"line":17,"column":4},"end":{"line":17,"column":92}}]}},"s":{"0":0,"1":0,"2":0,"3":0,"4":0,"5":0,"6":0,"7":0,"8":0,"9":0,"10":0,"11":0,"12":0,"13":0,"14":0,"15":0},"f":{"0":0,"1":0},"b":{"0":[0,0],"1":[0],"2":[0],"3":[0]}}
,"/home/user/Desktop/auth-project/backend/src/middlewares/redis.rate-limiter.ts": {"path":"/home/user/Desktop/auth-project/backend/src/middlewares/redis.rate-limiter.ts","statementMap":{"0":{"start":{"line":1,"column":0},"end":{"line":1,"column":43}},"1":{"start":{"line":2,"column":0},"end":{"line":2,"column":51}},"2":{"start":{"line":3,"column":0},"end":{"line":3,"column":53}},"3":{"start":{"line":4,"column":0},"end":{"line":4,"column":50}},"4":{"start":{"line":6,"column":29},"end":{"line":23,"column":1}},"5":{"start":{"line":7,"column":2},"end":{"line":22,"column":5}},"6":{"start":{"line":8,"column":19},"end":{"line":8,"column":31}},"7":{"start":{"line":10,"column":4},"end":{"line":10,"column":31}},"8":{"start":{"line":10,"column":17},"end":{"line":10,"column":31}},"9":{"start":{"line":12,"column":16},"end":{"line":12,"column":43}},"10":{"start":{"line":14,"column":20},"end":{"line":14,"column":47}},"11":{"start":{"line":16,"column":4},"end":{"line":16,"column":64}},"12":{"start":{"line":16,"column":23},"end":{"line":16,"column":64}},"13":{"start":{"line":18,"column":4},"end":{"line":19,"column":82}},"14":{"start":{"line":19,"column":6},"end":{"line":19,"column":82}},"15":{"start":{"line":21,"column":4},"end":{"line":21,"column":11}},"16":{"start":{"line":6,"column":13},"end":{"line":6,"column":29}}},"fnMap":{"0":{"name":"(anonymous_0)","decl":{"start":{"line":6,"column":29},"end":{"line":6,"column":30}},"loc":{"start":{"line":6,"column":66},"end":{"line":23,"column":1}}},"1":{"name":"(anonymous_1)","decl":{"start":{"line":7,"column":20},"end":{"line":7,"column":25}},"loc":{"start":{"line":7,"column":46},"end":{"line":22,"column":3}}}},"branchMap":{"0":{"loc":{"start":{"line":10,"column":4},"end":{"line":10,"column":31}},"type":"if","locations":[{"start":{"line":10,"column":4},"end":{"line":10,"column":31}}]},"1":{"loc":{"start":{"line":16,"column":4},"end":{"line":16,"column":64}},"type":"if","locations":[{"start":{"line":16,"column":4},"end":{"line":16,"column":64}}]},"2":{"loc":{"start":{"line":18,"column":4},"end":{"line":19,"column":82}},"type":"if","locations":[{"start":{"line":18,"column":4},"end":{"line":19,"column":82}}]}},"s":{"0":0,"1":0,"2":0,"3":0,"4":0,"5":0,"6":0,"7":0,"8":0,"9":0,"10":0,"11":0,"12":0,"13":0,"14":0,"15":0,"16":0},"f":{"0":0,"1":0},"b":{"0":[0],"1":[0],"2":[0]}}
,"/home/user/Desktop/auth-project/backend/src/middlewares/role.middleware.ts": {"path":"/home/user/Desktop/auth-project/backend/src/middlewares/role.middleware.ts","statementMap":{"0":{"start":{"line":2,"column":0},"end":{"line":2,"column":53}},"1":{"start":{"line":3,"column":0},"end":{"line":3,"column":50}},"2":{"start":{"line":5,"column":30},"end":{"line":16,"column":1}},"3":{"start":{"line":6,"column":2},"end":{"line":15,"column":5}},"4":{"start":{"line":7,"column":17},"end":{"line":7,"column":25}},"5":{"start":{"line":9,"column":4},"end":{"line":9,"column":64}},"6":{"start":{"line":9,"column":15},"end":{"line":9,"column":64}},"7":{"start":{"line":11,"column":4},"end":{"line":12,"column":78}},"8":{"start":{"line":12,"column":6},"end":{"line":12,"column":78}},"9":{"start":{"line":14,"column":4},"end":{"line":14,"column":11}},"10":{"start":{"line":5,"column":13},"end":{"line":5,"column":30}}},"fnMap":{"0":{"name":"(anonymous_0)","decl":{"start":{"line":5,"column":30},"end":{"line":5,"column":31}},"loc":{"start":{"line":5,"column":50},"end":{"line":16,"column":1}}},"1":{"name":"(anonymous_1)","decl":{"start":{"line":6,"column":20},"end":{"line":6,"column":25}},"loc":{"start":{"line":6,"column":46},"end":{"line":15,"column":3}}}},"branchMap":{"0":{"loc":{"start":{"line":9,"column":4},"end":{"line":9,"column":64}},"type":"if","locations":[{"start":{"line":9,"column":4},"end":{"line":9,"column":64}}]},"1":{"loc":{"start":{"line":11,"column":4},"end":{"line":12,"column":78}},"type":"if","locations":[{"start":{"line":11,"column":4},"end":{"line":12,"column":78}}]}},"s":{"0":0,"1":0,"2":0,"3":0,"4":0,"5":0,"6":0,"7":0,"8":0,"9":0,"10":0},"f":{"0":0,"1":0},"b":{"0":[0],"1":[0]}}
,"/home/user/Desktop/auth-project/backend/src/middlewares/validate.middleware.ts": {"path":"/home/user/Desktop/auth-project/backend/src/middlewares/validate.middleware.ts","statementMap":{"0":{"start":{"line":10,"column":22},"end":{"line":32,"column":1}},"1":{"start":{"line":11,"column":2},"end":{"line":31,"column":4}},"2":{"start":{"line":12,"column":19},"end":{"line":16,"column":6}},"3":{"start":{"line":18,"column":4},"end":{"line":28,"column":5}},"4":{"start":{"line":19,"column":6},"end":{"line":27,"column":9}},"5":{"start":{"line":22,"column":55},"end":{"line":26,"column":10}},"6":{"start":{"line":30,"column":4},"end":{"line":30,"column":11}},"7":{"start":{"line":34,"column":0},"end":{"line":34,"column":29}}},"fnMap":{"0":{"name":"(anonymous_0)","decl":{"start":{"line":10,"column":22},"end":{"line":10,"column":23}},"loc":{"start":{"line":10,"column":69},"end":{"line":32,"column":1}}},"1":{"name":"(anonymous_1)","decl":{"start":{"line":11,"column":9},"end":{"line":11,"column":10}},"loc":{"start":{"line":11,"column":28},"end":{"line":31,"column":3}}},"2":{"name":"(anonymous_2)","decl":{"start":{"line":22,"column":40},"end":{"line":22,"column":41}},"loc":{"start":{"line":22,"column":55},"end":{"line":26,"column":10}}}},"branchMap":{"0":{"loc":{"start":{"line":18,"column":4},"end":{"line":28,"column":5}},"type":"if","locations":[{"start":{"line":18,"column":4},"end":{"line":28,"column":5}}]}},"s":{"0":0,"1":0,"2":0,"3":0,"4":0,"5":0,"6":0,"7":0},"f":{"0":0,"1":0,"2":0},"b":{"0":[0]}}
,"/home/user/Desktop/auth-project/backend/src/routes/admin.secury.routes.ts": {"path":"/home/user/Desktop/auth-project/backend/src/routes/admin.secury.routes.ts","statementMap":{"0":{"start":{"line":1,"column":0},"end":{"line":1,"column":33}},"1":{"start":{"line":2,"column":0},"end":{"line":2,"column":75}},"2":{"start":{"line":3,"column":0},"end":{"line":3,"column":57}},"3":{"start":{"line":4,"column":0},"end":{"line":4,"column":64}},"4":{"start":{"line":5,"column":0},"end":{"line":5,"column":63}},"5":{"start":{"line":6,"column":0},"end":{"line":6,"column":74}},"6":{"start":{"line":8,"column":15},"end":{"line":8,"column":23}},"7":{"start":{"line":10,"column":0},"end":{"line":10,"column":99}},"8":{"start":{"line":12,"column":0},"end":{"line":18,"column":2}},"9":{"start":{"line":20,"column":0},"end":{"line":20,"column":22}}},"fnMap":{},"branchMap":{},"s":{"0":0,"1":0,"2":0,"3":0,"4":0,"5":0,"6":0,"7":0,"8":0,"9":0},"f":{},"b":{}}
,"/home/user/Desktop/auth-project/backend/src/routes/auth.routes.ts": {"path":"/home/user/Desktop/auth-project/backend/src/routes/auth.routes.ts","statementMap":{"0":{"start":{"line":1,"column":0},"end":{"line":1,"column":33}},"1":{"start":{"line":2,"column":0},"end":{"line":2,"column":63}},"2":{"start":{"line":3,"column":0},"end":{"line":3,"column":75}},"3":{"start":{"line":4,"column":0},"end":{"line":4,"column":94}},"4":{"start":{"line":5,"column":0},"end":{"line":5,"column":57}},"5":{"start":{"line":6,"column":0},"end":{"line":6,"column":55}},"6":{"start":{"line":7,"column":0},"end":{"line":7,"column":66}},"7":{"start":{"line":8,"column":0},"end":{"line":8,"column":61}},"8":{"start":{"line":9,"column":0},"end":{"line":9,"column":62}},"9":{"start":{"line":11,"column":14},"end":{"line":11,"column":22}},"10":{"start":{"line":13,"column":0},"end":{"line":13,"column":78}},"11":{"start":{"line":15,"column":0},"end":{"line":23,"column":2}},"12":{"start":{"line":25,"column":0},"end":{"line":25,"column":99}},"13":{"start":{"line":27,"column":0},"end":{"line":27,"column":72}},"14":{"start":{"line":28,"column":0},"end":{"line":28,"column":39}},"15":{"start":{"line":30,"column":0},"end":{"line":30,"column":21}}},"fnMap":{},"branchMap":{},"s":{"0":0,"1":0,"2":0,"3":0,"4":0,"5":0,"6":0,"7":0,"8":0,"9":0,"10":0,"11":0,"12":0,"13":0,"14":0,"15":0},"f":{},"b":{}}
,"/home/user/Desktop/auth-project/backend/src/services/admin.service.ts": {"path":"/home/user/Desktop/auth-project/backend/src/services/admin.service.ts","statementMap":{"0":{"start":{"line":1,"column":0},"end":{"line":1,"column":43}},"1":{"start":{"line":3,"column":21},"end":{"line":5,"column":1}},"2":{"start":{"line":4,"column":2},"end":{"line":4,"column":52}},"3":{"start":{"line":3,"column":13},"end":{"line":3,"column":21}},"4":{"start":{"line":7,"column":23},"end":{"line":9,"column":1}},"5":{"start":{"line":8,"column":2},"end":{"line":8,"column":40}},"6":{"start":{"line":7,"column":13},"end":{"line":7,"column":23}},"7":{"start":{"line":11,"column":26},"end":{"line":15,"column":1}},"8":{"start":{"line":12,"column":17},"end":{"line":12,"column":54}},"9":{"start":{"line":14,"column":2},"end":{"line":14,"column":18}},"10":{"start":{"line":11,"column":13},"end":{"line":11,"column":26}}},"fnMap":{"0":{"name":"(anonymous_0)","decl":{"start":{"line":3,"column":21},"end":{"line":3,"column":26}},"loc":{"start":{"line":3,"column":54},"end":{"line":5,"column":1}}},"1":{"name":"(anonymous_1)","decl":{"start":{"line":7,"column":23},"end":{"line":7,"column":28}},"loc":{"start":{"line":7,"column":44},"end":{"line":9,"column":1}}},"2":{"name":"(anonymous_2)","decl":{"start":{"line":11,"column":26},"end":{"line":11,"column":31}},"loc":{"start":{"line":11,"column":47},"end":{"line":15,"column":1}}}},"branchMap":{"0":{"loc":{"start":{"line":3,"column":40},"end":{"line":3,"column":50}},"type":"default-arg","locations":[{"start":{"line":3,"column":46},"end":{"line":3,"column":50}}]}},"s":{"0":0,"1":0,"2":0,"3":0,"4":0,"5":0,"6":0,"7":0,"8":0,"9":0,"10":0},"f":{"0":0,"1":0,"2":0},"b":{"0":[0]}}
,"/home/user/Desktop/auth-project/backend/src/services/auth.service.ts": {"path":"/home/user/Desktop/auth-project/backend/src/services/auth.service.ts","statementMap":{"0":{"start":{"line":1,"column":0},"end":{"line":1,"column":39}},"1":{"start":{"line":2,"column":0},"end":{"line":2,"column":71}},"2":{"start":{"line":3,"column":0},"end":{"line":3,"column":90}},"3":{"start":{"line":4,"column":0},"end":{"line":4,"column":48}},"4":{"start":{"line":5,"column":0},"end":{"line":5,"column":53}},"5":{"start":{"line":6,"column":0},"end":{"line":6,"column":52}},"6":{"start":{"line":7,"column":0},"end":{"line":7,"column":43}},"7":{"start":{"line":8,"column":0},"end":{"line":8,"column":51}},"8":{"start":{"line":11,"column":28},"end":{"line":23,"column":1}},"9":{"start":{"line":12,"column":40},"end":{"line":12,"column":48}},"10":{"start":{"line":14,"column":23},"end":{"line":14,"column":73}},"11":{"start":{"line":15,"column":2},"end":{"line":15,"column":75}},"12":{"start":{"line":15,"column":20},"end":{"line":15,"column":75}},"13":{"start":{"line":17,"column":25},"end":{"line":17,"column":53}},"14":{"start":{"line":19,"column":2},"end":{"line":22,"column":5}},"15":{"start":{"line":11,"column":13},"end":{"line":11,"column":28}},"16":{"start":{"line":26,"column":25},"end":{"line":63,"column":1}},"17":{"start":{"line":27,"column":30},"end":{"line":27,"column":39}},"18":{"start":{"line":29,"column":15},"end":{"line":29,"column":65}},"19":{"start":{"line":31,"column":2},"end":{"line":32,"column":64}},"20":{"start":{"line":32,"column":4},"end":{"line":32,"column":64}},"21":{"start":{"line":34,"column":2},"end":{"line":34,"column":86}},"22":{"start":{"line":34,"column":24},"end":{"line":34,"column":86}},"23":{"start":{"line":36,"column":22},"end":{"line":36,"column":46}},"24":{"start":{"line":37,"column":23},"end":{"line":37,"column":48}},"25":{"start":{"line":38,"column":29},"end":{"line":38,"column":52}},"26":{"start":{"line":40,"column":2},"end":{"line":42,"column":5}},"27":{"start":{"line":44,"column":2},"end":{"line":50,"column":5}},"28":{"start":{"line":52,"column":2},"end":{"line":60,"column":4}},"29":{"start":{"line":62,"column":2},"end":{"line":62,"column":45}},"30":{"start":{"line":26,"column":13},"end":{"line":26,"column":25}},"31":{"start":{"line":66,"column":37},"end":{"line":72,"column":1}},"32":{"start":{"line":67,"column":2},"end":{"line":67,"column":62}},"33":{"start":{"line":69,"column":15},"end":{"line":69,"column":60}},"34":{"start":{"line":71,"column":2},"end":{"line":71,"column":53}},"35":{"start":{"line":71,"column":26},"end":{"line":71,"column":53}},"36":{"start":{"line":66,"column":13},"end":{"line":66,"column":37}},"37":{"start":{"line":75,"column":32},"end":{"line":159,"column":1}},"38":{"start":{"line":76,"column":17},"end":{"line":76,"column":42}},"39":{"start":{"line":77,"column":23},"end":{"line":77,"column":39}},"40":{"start":{"line":79,"column":21},"end":{"line":79,"column":63}},"41":{"start":{"line":81,"column":24},"end":{"line":81,"column":57}},"42":{"start":{"line":83,"column":2},"end":{"line":83,"column":88}},"43":{"start":{"line":83,"column":22},"end":{"line":83,"column":88}},"44":{"start":{"line":85,"column":22},"end":{"line":85,"column":47}},"45":{"start":{"line":88,"column":18},"end":{"line":90,"column":4}},"46":{"start":{"line":92,"column":2},"end":{"line":92,"column":82}},"47":{"start":{"line":92,"column":16},"end":{"line":92,"column":82}},"48":{"start":{"line":95,"column":2},"end":{"line":119,"column":3}},"49":{"start":{"line":96,"column":20},"end":{"line":96,"column":41}},"50":{"start":{"line":98,"column":4},"end":{"line":98,"column":61}},"51":{"start":{"line":98,"column":20},"end":{"line":98,"column":61}},"52":{"start":{"line":100,"column":4},"end":{"line":100,"column":71}},"53":{"start":{"line":100,"column":20},"end":{"line":100,"column":71}},"54":{"start":{"line":102,"column":28},"end":{"line":102,"column":50}},"55":{"start":{"line":104,"column":4},"end":{"line":105,"column":68}},"56":{"start":{"line":105,"column":6},"end":{"line":105,"column":68}},"57":{"start":{"line":108,"column":4},"end":{"line":108,"column":43}},"58":{"start":{"line":110,"column":4},"end":{"line":116,"column":7}},"59":{"start":{"line":118,"column":4},"end":{"line":118,"column":71}},"60":{"start":{"line":122,"column":25},"end":{"line":122,"column":51}},"61":{"start":{"line":123,"column":26},"end":{"line":123,"column":53}},"62":{"start":{"line":124,"column":23},"end":{"line":124,"column":49}},"63":{"start":{"line":127,"column":2},"end":{"line":135,"column":4}},"64":{"start":{"line":138,"column":2},"end":{"line":146,"column":4}},"65":{"start":{"line":149,"column":2},"end":{"line":156,"column":5}},"66":{"start":{"line":158,"column":2},"end":{"line":158,"column":45}},"67":{"start":{"line":75,"column":13},"end":{"line":75,"column":32}},"68":{"start":{"line":162,"column":27},"end":{"line":177,"column":1}},"69":{"start":{"line":163,"column":15},"end":{"line":172,"column":4}},"70":{"start":{"line":174,"column":2},"end":{"line":174,"column":57}},"71":{"start":{"line":174,"column":13},"end":{"line":174,"column":57}},"72":{"start":{"line":176,"column":2},"end":{"line":176,"column":14}},"73":{"start":{"line":162,"column":13},"end":{"line":162,"column":27}}},"fnMap":{"0":{"name":"(anonymous_0)","decl":{"start":{"line":11,"column":28},"end":{"line":11,"column":33}},"loc":{"start":{"line":11,"column":52},"end":{"line":23,"column":1}}},"1":{"name":"(anonymous_1)","decl":{"start":{"line":26,"column":25},"end":{"line":26,"column":30}},"loc":{"start":{"line":26,"column":50},"end":{"line":63,"column":1}}},"2":{"name":"(anonymous_2)","decl":{"start":{"line":66,"column":37},"end":{"line":66,"column":42}},"loc":{"start":{"line":66,"column":62},"end":{"line":72,"column":1}}},"3":{"name":"(anonymous_3)","decl":{"start":{"line":75,"column":32},"end":{"line":75,"column":37}},"loc":{"start":{"line":75,"column":56},"end":{"line":159,"column":1}}},"4":{"name":"(anonymous_4)","decl":{"start":{"line":162,"column":27},"end":{"line":162,"column":32}},"loc":{"start":{"line":162,"column":52},"end":{"line":177,"column":1}}}},"branchMap":{"0":{"loc":{"start":{"line":15,"column":2},"end":{"line":15,"column":75}},"type":"if","locations":[{"start":{"line":15,"column":2},"end":{"line":15,"column":75}}]},"1":{"loc":{"start":{"line":31,"column":2},"end":{"line":32,"column":64}},"type":"if","locations":[{"start":{"line":31,"column":2},"end":{"line":32,"column":64}}]},"2":{"loc":{"start":{"line":31,"column":6},"end":{"line":31,"column":64}},"type":"binary-expr","locations":[{"start":{"line":31,"column":6},"end":{"line":31,"column":11}},{"start":{"line":31,"column":15},"end":{"line":31,"column":64}}]},"3":{"loc":{"start":{"line":34,"column":2},"end":{"line":34,"column":86}},"type":"if","locations":[{"start":{"line":34,"column":2},"end":{"line":34,"column":86}}]},"4":{"loc":{"start":{"line":83,"column":2},"end":{"line":83,"column":88}},"type":"if","locations":[{"start":{"line":83,"column":2},"end":{"line":83,"column":88}}]},"5":{"loc":{"start":{"line":92,"column":2},"end":{"line":92,"column":82}},"type":"if","locations":[{"start":{"line":92,"column":2},"end":{"line":92,"column":82}}]},"6":{"loc":{"start":{"line":95,"column":2},"end":{"line":119,"column":3}},"type":"if","locations":[{"start":{"line":95,"column":2},"end":{"line":119,"column":3}}]},"7":{"loc":{"start":{"line":98,"column":4},"end":{"line":98,"column":61}},"type":"if","locations":[{"start":{"line":98,"column":4},"end":{"line":98,"column":61}}]},"8":{"loc":{"start":{"line":100,"column":4},"end":{"line":100,"column":71}},"type":"if","locations":[{"start":{"line":100,"column":4},"end":{"line":100,"column":71}}]},"9":{"loc":{"start":{"line":104,"column":4},"end":{"line":105,"column":68}},"type":"if","locations":[{"start":{"line":104,"column":4},"end":{"line":105,"column":68}}]},"10":{"loc":{"start":{"line":174,"column":2},"end":{"line":174,"column":57}},"type":"if","locations":[{"start":{"line":174,"column":2},"end":{"line":174,"column":57}}]}},"s":{"0":0,"1":0,"2":0,"3":0,"4":0,"5":0,"6":0,"7":0,"8":0,"9":0,"10":0,"11":0,"12":0,"13":0,"14":0,"15":0,"16":0,"17":0,"18":0,"19":0,"20":0,"21":0,"22":0,"23":0,"24":0,"25":0,"26":0,"27":0,"28":0,"29":0,"30":0,"31":0,"32":0,"33":0,"34":0,"35":0,"36":0,"37":0,"38":0,"39":0,"40":0,"41":0,"42":0,"43":0,"44":0,"45":0,"46":0,"47":0,"48":0,"49":0,"50":0,"51":0,"52":0,"53":0,"54":0,"55":0,"56":0,"57":0,"58":0,"59":0,"60":0,"61":0,"62":0,"63":0,"64":0,"65":0,"66":0,"67":0,"68":0,"69":0,"70":0,"71":0,"72":0,"73":0},"f":{"0":0,"1":0,"2":0,"3":0,"4":0},"b":{"0":[0],"1":[0],"2":[0,0],"3":[0],"4":[0],"5":[0],"6":[0],"7":[0],"8":[0],"9":[0],"10":[0]}}
,"/home/user/Desktop/auth-project/backend/src/utils/catch.async.ts": {"path":"/home/user/Desktop/auth-project/backend/src/utils/catch.async.ts","statementMap":{"0":{"start":{"line":5,"column":26},"end":{"line":9,"column":1}},"1":{"start":{"line":6,"column":2},"end":{"line":8,"column":4}},"2":{"start":{"line":7,"column":4},"end":{"line":7,"column":35}},"3":{"start":{"line":5,"column":13},"end":{"line":5,"column":26}}},"fnMap":{"0":{"name":"(anonymous_0)","decl":{"start":{"line":5,"column":26},"end":{"line":5,"column":27}},"loc":{"start":{"line":5,"column":66},"end":{"line":9,"column":1}}},"1":{"name":"(anonymous_1)","decl":{"start":{"line":6,"column":9},"end":{"line":6,"column":10}},"loc":{"start":{"line":6,"column":61},"end":{"line":8,"column":3}}}},"branchMap":{},"s":{"0":0,"1":0,"2":0,"3":0},"f":{"0":0,"1":0},"b":{}}
,"/home/user/Desktop/auth-project/backend/src/utils/error.util.ts": {"path":"/home/user/Desktop/auth-project/backend/src/utils/error.util.ts","statementMap":{"0":{"start":{"line":7,"column":30},"end":{"line":14,"column":1}},"1":{"start":{"line":8,"column":16},"end":{"line":8,"column":46}},"2":{"start":{"line":9,"column":2},"end":{"line":9,"column":32}},"3":{"start":{"line":10,"column":2},"end":{"line":10,"column":68}},"4":{"start":{"line":11,"column":2},"end":{"line":11,"column":29}},"5":{"start":{"line":13,"column":2},"end":{"line":13,"column":15}},"6":{"start":{"line":7,"column":13},"end":{"line":7,"column":30}}},"fnMap":{"0":{"name":"(anonymous_0)","decl":{"start":{"line":7,"column":30},"end":{"line":7,"column":31}},"loc":{"start":{"line":7,"column":80},"end":{"line":14,"column":1}}}},"branchMap":{"0":{"loc":{"start":{"line":10,"column":17},"end":{"line":10,"column":67}},"type":"cond-expr","locations":[{"start":{"line":10,"column":51},"end":{"line":10,"column":57}},{"start":{"line":10,"column":60},"end":{"line":10,"column":67}}]}},"s":{"0":1,"1":4,"2":4,"3":4,"4":4,"5":4,"6":1},"f":{"0":4},"b":{"0":[3,1]}}
,"/home/user/Desktop/auth-project/backend/src/utils/jwt.util.ts": {"path":"/home/user/Desktop/auth-project/backend/src/utils/jwt.util.ts","statementMap":{"0":{"start":{"line":1,"column":0},"end":{"line":1,"column":31}},"1":{"start":{"line":3,"column":19},"end":{"line":3,"column":42}},"2":{"start":{"line":4,"column":27},"end":{"line":4,"column":58}},"3":{"start":{"line":6,"column":23},"end":{"line":6,"column":58}},"4":{"start":{"line":7,"column":31},"end":{"line":7,"column":35}},"5":{"start":{"line":9,"column":0},"end":{"line":11,"column":1}},"6":{"start":{"line":10,"column":2},"end":{"line":10,"column":57}},"7":{"start":{"line":13,"column":31},"end":{"line":17,"column":1}},"8":{"start":{"line":14,"column":2},"end":{"line":16,"column":5}},"9":{"start":{"line":13,"column":13},"end":{"line":13,"column":31}},"10":{"start":{"line":19,"column":32},"end":{"line":23,"column":1}},"11":{"start":{"line":20,"column":2},"end":{"line":22,"column":5}},"12":{"start":{"line":19,"column":13},"end":{"line":19,"column":32}},"13":{"start":{"line":25,"column":33},"end":{"line":35,"column":1}},"14":{"start":{"line":26,"column":2},"end":{"line":28,"column":3}},"15":{"start":{"line":27,"column":4},"end":{"line":27,"column":38}},"16":{"start":{"line":30,"column":2},"end":{"line":32,"column":3}},"17":{"start":{"line":31,"column":4},"end":{"line":31,"column":49}},"18":{"start":{"line":34,"column":2},"end":{"line":34,"column":39}},"19":{"start":{"line":25,"column":13},"end":{"line":25,"column":33}},"20":{"start":{"line":37,"column":34},"end":{"line":43,"column":1}},"21":{"start":{"line":38,"column":2},"end":{"line":40,"column":3}},"22":{"start":{"line":39,"column":4},"end":{"line":39,"column":38}},"23":{"start":{"line":42,"column":2},"end":{"line":42,"column":47}},"24":{"start":{"line":37,"column":13},"end":{"line":37,"column":34}}},"fnMap":{"0":{"name":"(anonymous_1)","decl":{"start":{"line":13,"column":31},"end":{"line":13,"column":32}},"loc":{"start":{"line":13,"column":54},"end":{"line":17,"column":1}}},"1":{"name":"(anonymous_2)","decl":{"start":{"line":19,"column":32},"end":{"line":19,"column":33}},"loc":{"start":{"line":19,"column":55},"end":{"line":23,"column":1}}},"2":{"name":"(anonymous_3)","decl":{"start":{"line":25,"column":33},"end":{"line":25,"column":34}},"loc":{"start":{"line":25,"column":56},"end":{"line":35,"column":1}}},"3":{"name":"(anonymous_4)","decl":{"start":{"line":37,"column":34},"end":{"line":37,"column":35}},"loc":{"start":{"line":37,"column":57},"end":{"line":43,"column":1}}}},"branchMap":{"0":{"loc":{"start":{"line":6,"column":23},"end":{"line":6,"column":58}},"type":"binary-expr","locations":[{"start":{"line":6,"column":23},"end":{"line":6,"column":49}},{"start":{"line":6,"column":53},"end":{"line":6,"column":58}}]},"1":{"loc":{"start":{"line":9,"column":0},"end":{"line":11,"column":1}},"type":"if","locations":[{"start":{"line":9,"column":0},"end":{"line":11,"column":1}}]},"2":{"loc":{"start":{"line":9,"column":4},"end":{"line":9,"column":38}},"type":"binary-expr","locations":[{"start":{"line":9,"column":4},"end":{"line":9,"column":15}},{"start":{"line":9,"column":19},"end":{"line":9,"column":38}}]},"3":{"loc":{"start":{"line":26,"column":2},"end":{"line":28,"column":3}},"type":"if","locations":[{"start":{"line":26,"column":2},"end":{"line":28,"column":3}}]},"4":{"loc":{"start":{"line":26,"column":6},"end":{"line":26,"column":35}},"type":"binary-expr","locations":[{"start":{"line":26,"column":6},"end":{"line":26,"column":12}},{"start":{"line":26,"column":16},"end":{"line":26,"column":35}}]},"5":{"loc":{"start":{"line":30,"column":2},"end":{"line":32,"column":3}},"type":"if","locations":[{"start":{"line":30,"column":2},"end":{"line":32,"column":3}}]},"6":{"loc":{"start":{"line":38,"column":2},"end":{"line":40,"column":3}},"type":"if","locations":[{"start":{"line":38,"column":2},"end":{"line":40,"column":3}}]},"7":{"loc":{"start":{"line":38,"column":6},"end":{"line":38,"column":35}},"type":"binary-expr","locations":[{"start":{"line":38,"column":6},"end":{"line":38,"column":12}},{"start":{"line":38,"column":16},"end":{"line":38,"column":35}}]}},"s":{"0":0,"1":0,"2":0,"3":0,"4":0,"5":0,"6":0,"7":0,"8":0,"9":0,"10":0,"11":0,"12":0,"13":0,"14":0,"15":0,"16":0,"17":0,"18":0,"19":0,"20":0,"21":0,"22":0,"23":0,"24":0},"f":{"0":0,"1":0,"2":0,"3":0},"b":{"0":[0,0],"1":[0],"2":[0,0],"3":[0],"4":[0,0],"5":[0],"6":[0],"7":[0,0]}}
,"/home/user/Desktop/auth-project/backend/src/utils/password.util.ts": {"path":"/home/user/Desktop/auth-project/backend/src/utils/password.util.ts","statementMap":{"0":{"start":{"line":1,"column":0},"end":{"line":1,"column":28}},"1":{"start":{"line":3,"column":28},"end":{"line":9,"column":1}},"2":{"start":{"line":4,"column":2},"end":{"line":8,"column":5}},"3":{"start":{"line":3,"column":13},"end":{"line":3,"column":28}},"4":{"start":{"line":11,"column":31},"end":{"line":17,"column":1}},"5":{"start":{"line":12,"column":2},"end":{"line":16,"column":3}},"6":{"start":{"line":13,"column":4},"end":{"line":13,"column":44}},"7":{"start":{"line":15,"column":4},"end":{"line":15,"column":17}},"8":{"start":{"line":11,"column":13},"end":{"line":11,"column":31}}},"fnMap":{"0":{"name":"(anonymous_1)","decl":{"start":{"line":3,"column":28},"end":{"line":3,"column":33}},"loc":{"start":{"line":3,"column":72},"end":{"line":9,"column":1}}},"1":{"name":"(anonymous_2)","decl":{"start":{"line":11,"column":31},"end":{"line":11,"column":36}},"loc":{"start":{"line":11,"column":87},"end":{"line":17,"column":1}}}},"branchMap":{},"s":{"0":0,"1":0,"2":0,"3":0,"4":0,"5":0,"6":0,"7":0,"8":0},"f":{"0":0,"1":0},"b":{}}
,"/home/user/Desktop/auth-project/backend/src/utils/redisKey.util.ts": {"path":"/home/user/Desktop/auth-project/backend/src/utils/redisKey.util.ts","statementMap":{"0":{"start":{"line":1,"column":13},"end":{"line":9,"column":2}},"1":{"start":{"line":2,"column":50},"end":{"line":2,"column":82}},"2":{"start":{"line":4,"column":26},"end":{"line":4,"column":40}},"3":{"start":{"line":6,"column":33},"end":{"line":6,"column":49}},"4":{"start":{"line":8,"column":36},"end":{"line":8,"column":65}}},"fnMap":{"0":{"name":"(anonymous_0)","decl":{"start":{"line":2,"column":11},"end":{"line":2,"column":12}},"loc":{"start":{"line":2,"column":50},"end":{"line":2,"column":82}}},"1":{"name":"(anonymous_1)","decl":{"start":{"line":4,"column":7},"end":{"line":4,"column":8}},"loc":{"start":{"line":4,"column":26},"end":{"line":4,"column":40}}},"2":{"name":"(anonymous_2)","decl":{"start":{"line":6,"column":13},"end":{"line":6,"column":14}},"loc":{"start":{"line":6,"column":33},"end":{"line":6,"column":49}}},"3":{"name":"(anonymous_3)","decl":{"start":{"line":8,"column":13},"end":{"line":8,"column":14}},"loc":{"start":{"line":8,"column":36},"end":{"line":8,"column":65}}}},"branchMap":{},"s":{"0":0,"1":0,"2":0,"3":0,"4":0},"f":{"0":0,"1":0,"2":0,"3":0},"b":{}}
,"/home/user/Desktop/auth-project/backend/src/utils/token.util.ts": {"path":"/home/user/Desktop/auth-project/backend/src/utils/token.util.ts","statementMap":{"0":{"start":{"line":1,"column":0},"end":{"line":1,"column":28}},"1":{"start":{"line":3,"column":25},"end":{"line":5,"column":1}},"2":{"start":{"line":4,"column":2},"end":{"line":4,"column":65}},"3":{"start":{"line":3,"column":13},"end":{"line":3,"column":25}}},"fnMap":{"0":{"name":"(anonymous_1)","decl":{"start":{"line":3,"column":25},"end":{"line":3,"column":26}},"loc":{"start":{"line":3,"column":43},"end":{"line":5,"column":1}}}},"branchMap":{},"s":{"0":1,"1":1,"2":5,"3":1},"f":{"0":5},"b":{}}
,"/home/user/Desktop/auth-project/backend/src/validators/auth.validator.ts": {"path":"/home/user/Desktop/auth-project/backend/src/validators/auth.validator.ts","statementMap":{"0":{"start":{"line":1,"column":0},"end":{"line":1,"column":20}},"1":{"start":{"line":3,"column":13},"end":{"line":13,"column":3}},"2":{"start":{"line":15,"column":13},"end":{"line":20,"column":3}},"3":{"start":{"line":23,"column":13},"end":{"line":30,"column":3}},"4":{"start":{"line":32,"column":13},"end":{"line":39,"column":3}},"5":{"start":{"line":42,"column":13},"end":{"line":47,"column":3}},"6":{"start":{"line":49,"column":13},"end":{"line":64,"column":3}},"7":{"start":{"line":60,"column":22},"end":{"line":60,"column":63}}},"fnMap":{"0":{"name":"(anonymous_1)","decl":{"start":{"line":60,"column":12},"end":{"line":60,"column":13}},"loc":{"start":{"line":60,"column":22},"end":{"line":60,"column":63}}}},"branchMap":{},"s":{"0":0,"1":0,"2":0,"3":0,"4":0,"5":0,"6":0,"7":0},"f":{"0":0},"b":{}}
}
